1791936
4819488
5437296
4971744
4996632
5582232
6369864
7385880
7948056
7694784
7729920
7363920
7817760
7358064
7646472
7671360
7216056
7579128
5523672
7019880
5899920
7280472
7864608
10130880
8025648
7453224
5434368
5580768
5639328
6659736
6681696
7915848
6549936
7302432
7762128
7404912
10215792
8732760
7025736
7246800
7331712
8172048
11264016
8205720
7952448
7564488
7426872
7948056
7669896
7292184
7407840
7639152
7552776
5211840
3605832
4337832
4471056
4236816
3980616
4806312
4964424
4804848
5731560
5858928
7018416
6980352
7965624
6612888
7404912
7640616
6822240
5876496
3816648
4056744
4507656
5520744
5617368
7081368
7046232
7197024
7548384
7785552
7563024
7382952
7718208
7675752
8924544
10154304
7854360
7504464
5554416
5861856
5699352
5872104
7014024
7953912
7485432
7504464
7513248
7558632
6627528
2866512
4547184
4907328
4248528
4484232
4422744
4974672
8030040
7817760
7630368
7546920
7801656
7479576
6422568
5607120
6120984
5003952
2658624
4493016
3474072
4498872
5475360
5102040
4014288
3901560
4564752
4902936
4958568
4223640
4779960
3468216
3556056
3725880
3163704
3588264
3213480
3917664
3599976
4450560
3763944
3491640
4418352
3397944
4441776
4642344
4100664
4703832
3837144
4563288
3715632
3311568
3873744
4077240
3210552
3408192
4293912
3727344
3192984
2908968
1866600
3601440
2626416
3876672
3214944
3021696
2525400
3498960
3255936
3195912
3699528
3576552
3242760
3267648
3449184
3613152
2892864
4457880
3390624
4088952
3658536
4577928
3761016
4435920
4599888
3012912
3613152
4192896
4828272
4097736
3898632
3680496
3774192
3711240
3759552
3797616
3261792
3629256
3509208
3692208
3677568
3624864
3597048
3264720
3645360
3260328
3633648
3700992
4623312
3433080
2873832
3989400
3481392
3551664
2938248
1835856
2405352
1687992
2582496
4361256
3525312
3031944
3171024
3258864
3550200
3090504
3572160
3367200
3355488
3595584
3639504
3336456
2995344
3337920
3354024
3340848
3261792
3033408
3419904
3320352
3960120
4889760
4728720
4113840
3453576
3938160
3233976
4599888
4835592
3368664
3487248
3441864
3982080
4096272
3185664
3433080
3213480
3367200
3845928
4245600
3563376
3983544
3229584
3661464
2553216
3633648
3285216
4112376
4021608
1904664
2898720
3756624
3175416
3709776
3071472
3661464
3408192
3481392
3494568
3512136
3709776
3722952
3759552
3173952
3598512
3509208
3686352
3835680
4392000
4185576
4803384
3453576
4987848
3649752
3463824
3488712
3728808
3700992
3916200
4457880
2925072
3371592
3558984
4244136
4829736
3853248
4220712
2989488
3100752
3654144
3359880
3346704
3538488
2829912
3149064
3214944
3151992
2740608
2518080
1986648
3870816
4462272
3479928
3501888
3036336
2708400
3169560
3040728
3819576
3318888
2884080
3408192
3119784
3118320
2775744
2938248
2645448
2873832
1939800
2794776
3235440
2302872
3579480
3452112
3225192
3030480
3679032
3665856
3485784
3626328
3182736
3387696
3479928
3576552
3594120
3220800
3449184
3352560
3228120
3629256
3455040
3838608
2853336
2919216
3436008
2458056
2907504
2785992
3548736
3408192
3595584
3447720
3699528
2996808
3450648
3395016
3690744
3277896
2856264
3245688
3715632
3156384
3539952
3456504
3377448
3781512
3708312
3749304
3469680
2917752
2971920
3621936
2592744
3914736
3614616
3535560
3665856
3774192
3336456
3326208
3134424
3665856
2611776
2642520
3443328
3939624
1935408
3137352
4835592
3752232
3416976
3257400
3605832
3219336
3803472
4056744
2128656
4703832
4141656
3531168
3544344
3665856
3387696
3097824
3462360
3831288
3146136
2106696
2592744
4329048
3601440
3156384
3575088
3689280
3498960
3349632
3477000
3705384
3192984
3459432
3091968
3427224
3392088
3526776
3920592
3583872
3765408
3554592
3178344
3326208
3342312
3541416
3648288
3720024
3437472
3579480
2850408
2125728
2548824
3548736
3671712
3026088
3681960
3702456
2966064
3477000
4665768
3212016
2554680
3554592
2784528
3102216
3027552
3667320
3475536
3168096
3405264
3529704
3768336
3586800
3144672
3660000
3853248
3086112
2251632
2179896
1547448
2011536
2406816
2354112
3351096
2421456
3370128
3153456
2649840
3680496
2755248
2916288
2724504
2542968
2714256
2196000
2468304
2993880
3441864
3510672
3586800
3580944
4514976
2958744
3752232
3652680
4018680
1967616
3295464
2143296
2346792
3067080
3313032
2996808
3529704
2581032
4229496
3176880
3127104
2844552
3255936
3099288
3216408
3597048
3579480
3506280
3116856
3037800
3285216
3228120
3484320
3156384
3806400
2204784
2753784
3216408
3708312
3698064
3569232
3655608
3599976
3004128
3408192
3373056
3374520
3421368
3768336
3365736
3671712
3544344
3321816
3547272
3717096
3516528
3619008
3154920
3068544
4062600
3143208
3575088
4100664
3340848
3033408
3144672
3674640
3626328
3323280
3462360
3537024
3343776
3484320
3601440
3430152
3272040
3141744
3557520
3985008
3680496
3762480
2780136
3677568
3602904
3087576
3140280
3408192
3030480
3131496
3214944
3424296
3673176
3510672
3329136
3403800
3392088
3775656
3469680
3655608
3838608
3197376
4327584
4608672
4942464
4141656
4251456
4636488
3744912
4724328
4314408
4371504
3595584
3113928
3261792
3753696
3487248
4257312
3807864
3112464
4330512
4312944
4535472
3323280
3636576
4097736
4289520
2810880
3847392
3903024
4528152
3052440
3295464
3686352
5184024
3982080
3619008
3422832
4564752
3371592
4012824
4658448
4295376
4413960
4031856
3302784
3866424
4929288
3718560
4431528
4655520
3632184
2359968
2857728
4353936
3747840
3061224
3446256
3471144
3665856
3652680
4778496
4758000
3080256
3730272
4274880
4582320
4898544
5040552
5179632
5368488
5334816
5981904
5829648
4898544
6746112
6765144
5857464
5006880
6315696
6735864
6481128
6835416
5267472
6959856
7009632
7933416
6358152
7110648
7804584
6507480
6763680
6631920
4892688
6154656
7180920
8195472
7309752
7542528
7545456
7242408
6164904
6204432
6557256
6407928
4397856
4927824
5065440
5781336
6031680
6145872
6175152
4071384
5804760
7604016
5599800
4850232
4769712
4992240
6415248
5659824
4697976
5601264
6728544
6775392
6090240
6476736
6795888
4525224
4702368
5056656
3648288
5097648
5601264
4214856
5216232
5393376
4690656
4976136
5140104
4393464
4550112
5071296
4655520
4684800
5706672
5541240
4107984
4449096
2882616
4230960
4866336
5608584
5065440
5523672
5024448
2705472
4639416
3680496
4968816
5394840
4594032
3261792
3494568
3279360
1774368
3504816
5396304
3791760
3304248
3424296
3578016
4175328
3232512
3534096
3501888
1765584
4009896
3392088
3512136
2933856
3725880
3355488
3427224
3056832
3292536
3308640
3244224
3642432
3214944
3623400
3274968
3933768
3207624
3563376
3149064
3392088
3948408
3406728
3498960
4121160
3381840
3645360
3627792
4018680
3471144
3553128
3626328
1723128
1685064
2288232
3787368
1667496
1649928
3491640
3450648
3313032
3430152
2421456
4266096
3645360
3015840
3695136
2699616
3777120
3802008
3471144
3752232
3443328
4102128
2523936
3150528
3769800
3684888
3083184
2663016
2080344
3639504
4611600
2860656
3594120
2024712
2422920
2560536
2936784
1850496
2523936
2197464
2856264
2335080
2911896
2093520
2152080
2314584
2149152
3039264
1768512
2712792
2724504
2414136
3197376
2273592
2197464
2850408
2352648
2996808
3475536
4320264
4898544
3986472
3911808
3274968
3674640
3597048
3578016
3578016
3361344
3640968
3582408
3503352
3474072
3542880
3758088
3014376
3667320
3560448
3327672
2736216
2914824
3676104
2250168
3873744
3602904
3072936
2421456
2704008
2992416
3431616
3220800
3620472
3652680
3632184
3946944
3582408
3547272
3361344
3598512
3396480
3734664
3728808
3362808
3217872
3269112
3586800
3744912
3633648
3289608
3315960
3941088
3528240
3096360
2507832
4393464
3881064
3229584
3392088
3803472
3279360
2926536
2157936
4479840
3639504
2727432
3447720
2919216
3768336
4409568
2714256
3759552
3310104
3056832
3800544
3576552
3733200
3522384
3179808
3556056
3381840
3724416
4680408
3971832
2567856
3419904
3317424
3740520
3370128
3466752
3131496
3374520
2663016
2831376
3393552
3257400
3323280
3488712
3818112
3690744
3159312
3311568
3311568
3496032
3408192
3371592
3200304
3746376
4330512
4295376
3673176
4717008
4630632
4680408
4345152
5223552
4731648
4137264
3478464
3845928
4153368
4336368
3917664
3693672
3586800
3343776
3835680
3118320
3545808
3067080
3721488
3664392
3291072
3706848
3421368
3758088
3318888
3575088
4058208
4528152
2979240
3788832
4431528
3722952
3743448
3741984
4463736
3539952
3826896
3459432
4093344
3834216
3362808
4329048
4066992
3551664
3908880
4055280
3881064
3310104
4260240
4318800
3595584
3957192
3251544
3734664
4717008
5222088
5509032
4681872
3450648
6756360
5769624
4952712
6702192
6364008
6693408
5987760
6582144
6624600
6529440
6173688
6725616
6140016
6588000
6734400
4695048
3175416
5318712
4424208
4910256
4452024
5804760
6568968
3993792
4107984
2723040
3299856
5287968
5538312
4361256
4475448
4801920
3963048
4702368
4715544
4219248
4842912
4796064
3192984
3392088
4365648
3314496
4406640
4668696
4553040
3534096
3687816
3419904
3359880
4131408
4150440
3474072
4686264
3599976
4463736
4646736
4649664
4230960
2995344
3354024
3242760
3121248
3100752
3263256
3302784
2941176
3411120
3662928
3351096
1870992
2364360
4113840
2135976
2229672
3721488
3883992
2698152
2725968
3949872
2888472
3112464
3648288
3002664
3310104
3459432
3219336
3424296
4252920
3279360
3708312
3150528
3118320
2345328
4143120
3289608
3607296
3539952
3452112
3668784
3576552
3261792
3352560
3184200
3643896
3393552
2611776
3279360
3113928
3112464
3141744
3310104
3482856
3412584
3750768
3493104
4004040
3059760
3496032
3793224
3336456
2840160
3371592
3626328
3507744
3588264
3693672
3592656
3414048
3715632
3405264
3386232
3572160
3629256
3576552
2534184
3108072
2791848
3711240
3542880
3434544
3717096
3042192
2159400
2863584
2140368
3017304
2963136
2582496
2251632
2197464
3636576
3424296
3359880
3739056
3645360
3523848
2146224
3910344
2450736
2357040
4058208
3908880
3422832
3493104
3195912
3642432
3557520
3649752
3684888
3933768
4280736
3917664
3217872
3560448
3807864
3179808
3717096
3465288
3728808
3599976
3585336
3370128
3201768
3336456
3720024
3364272
3503352
3348168
3302784
3352560
3589728
3583872
3649752
3567768
3320352
3520920
3686352
3724416
3261792
3557520
3642432
3617544
3490176
4655520
2856264
3857640
3433080
3171024
3308640
3411120
3433080
4588176
2652768
3504816
3242760
3419904
3226656
3717096
3333528
3171024
3494568
3635112
3412584
3154920
3244224
3799080
3141744
3273504
3722952
4194360
4662840
3655608
4469592
3354024
3024624
3276432
3619008
3343776
3570696
3619008
3679032
3695136
3359880
4342224
5107896
3351096
3809328
3771264
3828360
2920680
4252920
4633560
3008520
3860568
3604368
4216320
4337832
2963136
4220712
4069920
3443328
3655608
3737592
4053816
3229584
2661552
3863496
4052352
3517992
4059672
3437472
3951336
3258864
3693672
3434544
4173864
4914648
3828360
3942552
4762392
3575088
3963048
3283752
3689280
3493104
4788744
5075688
4267560
3686352
4885368
4364184
4667232
4352472
3272040
3345240
4534008
4216320
5100576
5260152
4296840
3796152
4140192
4910256
5579304
4758000
4431528
5555880
6119520
6573360
6669984
6577752
6334728
6648024
5134248
5498784
5110824
6722688
6501624
6511872
7163352
5571984
4976136
4977600
3386232
5470968
3818112
5014200
5135712
4529616
4664304
4301232
4765320
4935144
4961496
5203056
4132872
3867888
5184024
2857728
4353936
4992240
5333352
5208912
6324480
6041928
5425584
6852984
4642344
6832488
6312768
6549936
6431352
6258600
6238104
6478200
6179544
5696424
4642344
5842824
6301056
5487072
5230872
5418264
5621760
6325944
4834128
4891224
4138728
3731736
5367024
5359704
3621936
4697976
5601264
5671536
6164904
5475360
7129680
6503088
6971568
6929112
7009632
6951072
6956928
6971568
6765144
6000936
4618920
4737504
4777032
5219160
4960032
4178256
4692120
4260240
5532456
6656808
5513424
4630632
4948320
5248440
5309928
5378736
4446168
4512048
4676016
4992240
4254384
4958568
3665856
3081720
3362808
4290984
4437384
4517904
3888384
4271952
3761016
4618920
5364096
4635024
4822416
4573536
4487160
4304160
3974760
3886920
4045032
4222176
3295464
2988024
3787368
3396480
4898544
4222176
2848944
4198752
3523848
3715632
2828448
3329136
2982168
3645360
3564840
3703920
3141744
3580944
3490176
3405264
2806488
2370216
4107984
3387696
3320352
3093432
3165168
3665856
3616080
3485784
3592656
3579480
3700992
3699528
3172488
3575088
3629256
3014376
3578016
3368664
3755160
3665856
3607296
3674640
3513600
3314496
3368664
3712704
3583872
3752232
3459432
2355576
3190056
3750768
3282288
3542880
4976136
2507832
3731736
2263344
3652680
3273504
2973384
3320352
3236904
3539952
3594120
3455040
3534096
3399408
2310192
2945568
2963136
2103768
2783064
2771352
3402336
2386320
1812432
2443416
2299944
1894416
3084648
3210552
3358416
3336456
1856352
2854800
2446344
2144760
1774368
2614704
2614704
1964688
2635200
2614704
2279448
2362896
2415600
2157936
2573712
3882528
3337920
3233976
3416976
3542880
3725880
3203232
3673176
3614616
3403800
3176880
3254472
3228120
3460896
2797704
2807952
3163704
2455128
3528240
3387696
2768424
3652680
3042192
2930928
3023160
3157848
3157848
2875296
2264808
3182736
2720112
3677568
3572160
3509208
2973384
3623400
3613152
3589728
3623400
3657072
2714256
3636576
3361344
3011448
3455040
3676104
2967528
2928000
4118232
3219336
2496120
4285128
3875208
3084648
3128568
3812256
3346704
3165168
3242760
2936784
3403800
3134424
3005592
3383304
3455040
3444792
3614616
3598512
3665856
3583872
3532632
3086112
3604368
3236904
3670248
3497496
3560448
1100928
2345328
4276344
4632096
3720024
4372968
3304248
3589728
3424296
3554592
3425760
3317424
3740520
3575088
3709776
3302784
3257400
4460808
2790384
3610224
3409656
3856176
2854800
3803472
3430152
3421368
2229672
4119696
4378824
5185488
3888384
4676016
2928000
3680496
3494568
3583872
3460896
3681960
2551752
3307176
4345152
3204696
3365736
3534096
4033320
4030392
4996632
3623400
3093432
4244136
4717008
4342224
4371504
3064152
3238368
3572160
3207624
3762480
3638040
3799080
1500600
2794776
4324656
1338096
2551752
4974672
3882528
3459432
4263168
3494568
3386232
3859104
3967440
3493104
3182736
3913272
4086024
3419904
3746376
4298304
4295376
3561912
3775656
4658448
3684888
3882528
4523760
4370040
4880976
4481304
5296752
5987760
4446168
5832576
7008168
6967176
3930840
4017216
4992240
5425584
5771088
5766696
7041840
7098936
4717008
6746112
6343512
6870552
5552952
5656896
4658448
4897080
5668608
6216144
6252744
6150264
5248440
4315872
4236816
4271952
4503264
3750768
5664216
4194360
5112288
5302608
4535472
4879512
4807776
6185400
5380200
3796152
3122712
3982080
3575088
4491552
4614528
4112376
4050888
3967440
3302784
4487160
3958656
3478464
3619008
3964512
3545808
4434456
4151904
3769800
3210552
3926448
5285040
4017216
4333440
3403800
3188592
3192984
3333528
3494568
3769800
3168096
2163792
3337920
3453576
3545808
3389160
3027552
3081720
3520920
3611688
3690744
3479928
3433080
3137352
3561912
3886920
3370128
3601440
3636576
3619008
3343776
3903024
3785904
3191520
3326208
3310104
3797616
3406728
3639504
3613152
2894328
4135800
3212016
2127192
4094808
3471144
3721488
3323280
3292536
3604368
1507920
2967528
4144584
3307176
3049512
3802008
3550200
3375984
2102304
3273504
4235352
3444792
2682048
2863584
3258864
3665856
3380376
2919216
3699528
3668784
3548736
3257400
3380376
2137440
3395016
3258864
2581032
2687904
2812344
2171112
2844552
1810968
2141832
2613240
3125640
2620560
2447808
2234064
2484408
2739144
2228208
2424384
2051064
1755336
2116944
2357040
1365912
1081896
1991040
1945656
2165256
2332152
2314584
1756800
2522472
2405352
3796152
3633648
3551664
3422832
3097824
3342312
3371592
3324744
3428688
3453576
3588264
3400872
3412584
3730272
3244224
3626328
2133048
3447720
3397944
3610224
3607296
3367200
3554592
3304248
3573624
3591192
3585336
3537024
3554592
3422832
3292536
3264720
2892864
2649840
2863584
3948408
3203232
3419904
3416976
3636576
1780224
2364360
4252920
3528240
3605832
3592656
3241296
3324744
3355488
3102216
3519456
3248616
4349544
3664392
3597048
3873744
3853248
4046496
3111000
4842912
3572160
3365736
3348168
2813808
3702456
3845928
2967528
2954352
3509208
3850320
4238280
4047960
3756624
3731736
3233976
3153456
3583872
3324744
3617544
3512136
3620472
3866424
3739056
3351096
3261792
3570696
3686352
3472608
3554592
2745000
2995344
3576552
3626328
4295376
4088952
3210552
4998096
3885456
3498960
3545808
3639504
4162152
2102304
3860568
2523936
2087664
3826896
4744824
3329136
3575088
3802008
3081720
3294000
3197376
3624864
3375984
3496032
3493104
3570696
3583872
4039176
4062600
2822592
3496032
3231048
3534096
3866424
3171024
3422832
4165080
3558984
4368576
3132960
3715632
3722952
3597048
3272040
3741984
3782976
4697976
5453400
4308552
4264632
3588264
4614528
3832752
3619008
4842912
4449096
5721312
6022896
6217608
4731648
4295376
5494392
5974584
6605568
6658272
6484056
6356688
6650952
5787192
6438672
6798816
6522120
6826632
6547008
5958480
6806136
6507480
6583608
6467952
4432992
7129680
6702192
7103328
6504552
6577752
6381576
6721224
6825168
7002312
6888120
5381664
5867712
6475272
5359704
6242496
5085936
4996632
4387608
5648112
5429976
5257224
5381664
5667144
6620208
5800368
6154656
4907328
5083008
4913184
5681784
5709600
6353760
5823792
5538312
3308640
4386144
4210464
4864872
4797528
3862032
4327584
4803384
3626328
4864872
3242760
4804848
3289608
4702368
4624776
3007056
3895704
4624776
3881064
4172400
4529616
3018768
3197376
4047960
2815272
3315960
2755248
3459432
3471144
3602904
3074400
3334992
2414136
3478464
2510760
3008520
3371592
3528240
2512224
4394928
3611688
3466752
3551664
3642432
3062688
3373056
3692208
3477000
3733200
3402336
3806400
3146136
3739056
3941088
3150528
3580944
3491640
3692208
3700992
3626328
1800720
4223640
5778408
4282200
1654320
4457880
4261704
3627792
3456504
4831200
4450560
4553040
4083096
4311480
2731824
3911808
3084648
3050976
2396568
4033320
3251544
2667408
3825432
3305712
3015840
3232512
3097824
3198840
3209088
3387696
3616080
3534096
3307176
3796152
3112464
3081720
3595584
3695136
3525312
3897168
3351096
3718560
3320352
2400960
3930840
3558984
3649752
3424296
3465288
3291072
2602992
2333616
3134424
2781600
3478464
2115480
2434632
2260416
2591280
2122800
2482944
2597136
2739144
2294088
2257488
2586888
2198928
2572248
1966152
2264808
2118408
2007144
2608848
2496120
1292712
2279448
2390712
2150616
2788920
2988024
2982168
3578016
3138816
2354112
2673264
2362896
4553040
3334992
3026088
3411120
3213480
3039264
2799168
2759640
3313032
3523848
3377448
3614616
3620472
2947032
3184200
3452112
3228120
3535560
3537024
3674640
3646824
3690744
3711240
3443328
3761016
2980704
3551664
3703920
3951336
3961584
3689280
3517992
3796152
3510672
3572160
3556056
3673176
3583872
2791848
3592656
3753696
3525312
3512136
3235440
3506280
3384768
3488712
1890024
2147688
3428688
3422832
3545808
3358416
3660000
3506280
3556056
3554592
3430152
4273416
2273592
2925072
4457880
4362720
3803472
4356864
4632096
1724592
4396392
3743448
3374520
3179808
3654144
3578016
4790208
3195912
3702456
3187128
3519456
3882528
3223728
3450648
4804848
3334992
3280824
3365736
3564840
3790296
2879688
3654144
3529704
2242848
4005504
3576552
4165080
3245688
3749304
3646824
3192984
3270576
3457968
4762392
3109536
3643896
3794688
4443240
3829824
3900096
4895616
4719936
5223552
5877960
4509120
3799080
4071384
3526776
3983544
4478376
4100664
3367200
3826896
2968992
3531168
3763944
3251544
3889848
4607208
4346616
3859104
3151992
3572160
3498960
3876672
3765408
3305712
3616080
3907416
4084560
4277808
3657072
4620384
4695048
4582320
3843000
3094896
4261704
3882528
4308552
3769800
4454952
3591192
3408192
3778584
3171024
4006968
4036248
4561824
4806312
3916200
5403624
5233800
4796064
5307000
5397768
4560360
5113752
4917576
5440224
4832664
4307088
5334816
5655432
5277720
5680320
5608584
5677392
6605568
6204432
5733024
6636312
3078792
5052264
5593944
4522296
4740432
3759552
3700992
5425584
4654056
4310016
3924984
4758000
4418352
3778584
4209000
3886920
4353936
4798992
4432992
4929288
4211928
4276344
3878136
5687640
5567592
5427048
5946768
3446256
4875120
4418352
3176880
4514976
4955640
4585248
4788744
5233800
4588176
4336368
5173776
5532456
5822328
6104880
5943840
4687728
2683512
3649752
3965976
4419816
3567768
4453488
3774192
4889760
4699440
5393376
4331976
5232336
3575088
4719936
3908880
3932304
4144584
4263168
3700992
3680496
3698064
4146048
3946944
3298392
3837144
3090504
3373056
3162240
4103592
2569320
3457968
5648112
4052352
3592656
4785816
4951248
4946856
3829824
3935232
4596960
3171024
4526688
4627704
4905864
5170848
5412408
5779872
5734488
5892600
6419640
3375984
4695048
4727256
5762304
6396216
6702192
6514800
6492840
5498784
2166720
5431440
4911720
5561736
5715456
6987672
7043304
6880800
6923256
6776856
7052088
6801744
6970104
6732936
5794512
6667056
6489912
6563112
6287880
5968728
6445992
6589464
6744648
6530904
6469416
6510408
6538224
6527976
6529440
6536760
6514800
6460632
6577752
6434280
6563112
6608496
6491376
6689016
6514800
6428424
6605568
6538224
6462096
6517728
6561648
6346440
6491376
6568968
4715544
5816472
5375808
5715456
6274704
6504552
4361256
5318712
5044944
6328872
3936696
3648288
4921968
4806312
5460720
5533920
3588264
5046408
5687640
3250080
5718384
5791584
6529440
6797352
6845664
7028664
6860304
6873480
6530904
7292184
6880800
6949608
6282024
6640704
6522120
6730008
6227856
5908704
3586800
5787192
4466664
5412408
5705208
5784264
6470880
5378736
5324568
4889760
6488448
4225104
4847304
7249728
6987672
6732936
7254120
6781248
6958392
6930576
5557344
6361080
6123912
6495768
6530904
6548472
6620208
6667056
6728544
6568968
6365472
6314232
4921968
6046320
6886656
6891048
6861768
6905688
5595408
7252656
6940824
6426960
6672912
6634848
6478200
4784352
5993616
5658360
6996456
7002312
6725616
6907152
6946680
6939360
6817848
6831024
6731472
4374432
5702280
4062600
5106432
5405088
5760840
6202968
6494304
6788568
7016952
6754896
7081368
6702192
4965888
6485520
6441600
6191256
6538224
6576288
6513336
6481128
6497232
6453312
6563112
6060960
4980528
6179544
6933504
7129680
6951072
5869176
6567504
4077240
5279184
4472520
5406552
5410944
5159136
5817936
5245512
5573448
6588000
6156120
6519192
6908616
7100400
5541240
6609960
6118056
4040640
4239744
3863496
5061048
6753432
6205896
4785816
4655520
5454864
4550112
5403624
5724240
6951072
6418176
6489912
6678768
4217784
3866424
4330512
5033232
4434456
5189880
6122448
6422568
4974672
4948320
3416976
3187128
3494568
4312944
3883992
5583696
5208912
3878136
4715544
4002576
4100664
6084384
6039000
5475360
7071120
5405088
4990776
5309928
5854536
6902760
7079904
7003776
6845664
5342136
4512048
4861944
5548560
5754984
5103504
4976136
5241120
6257136
5355312
4818024
4605744
4422744
3538488
4637952
4290984
3854712
3819576
4008432
3266184
4545720
4869264
4361256
3222264
3657072
3176880
3553128
3632184
4495944
3318888
4727256
3276432
3213480
3848856
3248616
3266184
3466752
3642432
3143208
2459520
4150440
3753696
4072848
3277896
4416888
3160776
3570696
3785904
4517904
3452112
5043480
4738968
4668696
3018768
3111000
3523848
3219336
3547272
4536936
4851696
4290984
3658536
3889848
3453576
3308640
2559072
3204696
3036336
3182736
3424296
3198840
3828360
3074400
3482856
4012824
3812256
4327584
3610224
3302784
3910344
3537024
3226656
3166632
3263256
3825432
3354024
3667320
3941088
4043568
3072936
3213480
3725880
3709776
3465288
3684888
3588264
2562000
3652680
3564840
3084648
2824056
2569320
3266184
3365736
2859192
2156472
1840248
2275056
2061312
2286768
3236904
2067168
2963136
3640968
3471144
3449184
2393640
2477088
1693848
2499048
2403888
2234064
1472784
2280912
3425760
1468392
2181360
3431616
3377448
3556056
3605832
3138816
2816736
3371592
3775656
2734752
3411120
3595584
3772728
3231048
3727344
2862120
3815184
3614616
3614616
3737592
4078704
3121248
3681960
3614616
3517992
3608760
3718560
3507744
3453576
3270576
3416976
2949960
3730272
3699528
3652680
1846104
3689280
3522384
3654144
3633648
3714168
2992416
2358504
4053816
3456504
2297016
4052352
2859192
3001200
3134424
3506280
3639504
3011448
3474072
3302784
3084648
2140368
4290984
3302784
3320352
2579568
4103592
3449184
3181272
3709776
4312944
3892776
3585336
4014288
3558984
3441864
4371504
5539776
4804848
4233888
3033408
3457968
3905952
3635112
2891400
3579480
3141744
2550288
4345152
3389160
2576640
4128480
3310104
3599976
3718560
4169472
3086112
3665856
3498960
3418440
3506280
4236816
3216408
4290984
4753608
4501800
3132960
3477000
3326208
2995344
3728808
3128568
4134336
3567768
3443328
3642432
3301320
3731736
3741984
3608760
3954264
3703920
4601352
3952800
4573536
4333440
3153456
4012824
3630720
3444792
3242760
4351008
5301144
3575088
5993616
5904312
6346440
6737328
6902760
7040376
7012560
6841272
6949608
6908616
6885192
6914472
6888120
7022808
6817848
6226392
5705208
6470880
6596784
6557256
5978976
4613064
6094632
6226392
5014200
5749128
5658360
5520744
6375720
7235088
6889584
6926184
6781248
6981816
6879336
6879336
6829560
3516528
5145960
4930752
5246976
5902848
6981816
7145784
4179720
6090240
6624600
6551400
6497232
6491376
6261528
6759288
6454776
6410856
6656808
6588000
6566040
6447456
6532368
6503088
6612888
6494304
6533832
6030216
4049424
5361168
3793224
5229408
5141568
5914560
5207448
6712440
6150264
7027200
6970104
6910080
7096008
6874944
6904224
5721312
2422920
2974848
3822504
3939624
5655432
4053816
4021608
4684800
5523672
5870640
6542616
6978888
3283752
5847216
4683336
4424208
4870728
5229408
5718384
5869176
6172224
6110736
6327408
6419640
6776856
5129856
4873656
5604192
6686088
7025736
6851520
6973032
6093168
6571896
4681872
3332064
4844376
5053728
5637864
4490088
4677480
5618832
4230960
4204608
5134248
5327496
5886744
5795976
6970104
7188240
6905688
6923256
6778320
6936432
6738792
6974496
6804672
6702192
3228120
5211840
5898456
4107984
3816648
4839984
4498872
3848856
4948320
5141568
5058120
4924896
4879512
5346528
5229408
5712528
5615904
6364008
6403536
6734400
6156120
6737328
6536760
6402072
6463560
6828096
5239656
6564576
3758088
7466400
7170672
3709776
7314144
4987848
4411032
5415336
5658360
6044856
5346528
5113752
3674640
4984920
6270312
4390536
6179544
6582144
6911544
4662840
1875384
2895792
4686264
5936520
4321728
5318712
4479840
5790120
5052264
5819400
6153192
6756360
5412408
5447544
6915936
6892512
4853160
5277720
5273328
5191344
5694960
5226480
5384592
5081544
5002488
3168096
4605744
4430064
4267560
3231048
4396392
5132784
5684712
5607120
5485608
5371416
5315784
5544168
5367024
4430064
5058120
5673000
6046320
5737416
6741720
6624600
6627528
6552864
6431352
4353936
6268848
4655520
6041928
6605568
5440224
4106520
5958480
5836968
6497232
7038912
6848592
6340584
2753784
2952888
4195824
4406640
4949784
5825256
5845752
6343512
6484056
6486984
5626152
6548472
6495768
6459168
3875208
3844464
4921968
5797440
6470880
6829560
7047696
6715368
5809152
5468040
4514976
5665680
6191256
6841272
7135536
6753432
6873480
6895440
6971568
6873480
7074048
6820776
6981816
6970104
6792960
6942288
6700728
7055016
6031680
5637864
5659824
6545544
6630456
6435744
6372792
3446256
5081544
5304072
5651040
5627616
6705120
4293912
4519368
4797528
5674464
6951072
7098936
4241208
5866248
6593856
6667056
6134160
6306912
2248704
4945392
4888296
5270400
5289432
5776944
5595408
6864696
6776856
5069832
6924720
7160424
3326208
3926448
4446168
4466664
4484232
5211840
4807776
4905864
3251544
4531080
4178256
5162064
4850232
5290896
5885280
5612976
4624776
6545544
6637776
6475272
4548648
5024448
5692032
6444528
3072936
3190056
4545720
4993704
4733112
5088864
5643720
4965888
4712616
4169472
4834128
5718384
4450560
4752144
3283752
4935144
5151816
4962960
3203232
3949872
3503352
3900096
3081720
3446256
4312944
3400872
4536936
5100576
5141568
5106432
3784440
5077152
5176704
5526600
5747664
2383392
3699528
3144672
3597048
3930840
2876760
3670248
4744824
4072848
4626240
4441776
6122448
6686088
6771000
6599712
6952536
7034520
7031592
6826632
5675928
5188416
4043568
5286504
3924984
3014376
3700992
3443328
3657072
4738968
5220624
4214856
4232424
6807600
3960120
4839984
5693496
6056568
5673000
5788656
6381576
6639240
6535296
6547008
6602640
5140104
5482680
3996720
4173864
4640880
3497496
4738968
3586800
3829824
4752144
5036160
5415336
4230960
3955728
4870728
4550112
5321640
5261616
5898456
5800368
6492840
6634848
6198576
5797440
5768160
4074312
5166456
4946856
5268936
5277720
3627792
4220712
4077240
3529704
3838608
4269024
4011360
5003952
2610312
3455040
5059584
6892512
7107720
4494480
3477000
3733200
3490176
3955728
4295376
4766784
5495856
4169472
4938072
5383128
5678856
6790032
6708048
3733200
3496032
3651216
3273504
3304248
3304248
2493192
4992240
4077240
5091792
5169384
4522296
4479840
4752144
4692120
4416888
3840072
3302784
4413960
3560448
3321816
3573624
3456504
3324744
3575088
3291072
4156296
4324656
4759464
3428688
5077152
4498872
5030304
4791672
5908704
6544080
7131144
6866160
6782712
5806224
6681696
6536760
6532368
6482592
6519192
6447456
6438672
6364008
6649488
6428424
6542616
6523584
6653880
6614352
6579216
6465024
6469416
6592392
6568968
6554328
5795976
3875208
3358416
2846016
2269200
4400784
6058032
5223552
5220624
4957104
4889760
5069832
5652504
5330424
6939360
7018416
4165080
4939536
4987848
5285040
701256
2032032
2641056
4454952
5908704
7299504
5490000
7166280
7858752
7399056
7230696
7527888
7074048
7784088
7289256
7438584
7557168
7308288
7413696
7401984
7328784
7394664
7388808
5400696
6183936
6620208
6677304
7917312
7492752
9614088
8639064
7469328
7349280
7454688
7428336
7696248
6510408
6561648
5699352
7084296
7804584
7551312
7645008
7298040
7397592
7232160
7356600
6475272
6091704
7072584
7091616
4980528
6378648
5954088
4983456
5497320
6257136
5113752
6407928
6623136
5459256
4589640
4553040
4775568
4517904
4677480
3911808
3582408
3810792
3452112
3367200
3537024
3061224
3614616
3084648
3422832
3753696
3355488
4001112
3103680
3251544
3403800
3295464
3263256
3437472
4441776
3482856
3014376
4127016
2930928
3352560
3690744
3762480
3396480
2513688
3024624
2745000
2343864
2800632
3845928
3111000
3412584
3178344
3769800
3200304
2478552
3285216
2854800
2346792
3229584
2846016
3450648
3012912
2529792
3538488
3176880
2594208
3103680
3744912
3217872
3515064
2810880
3397944
3626328
3021696
3137352
2913360
3086112
3616080
3378912
4695048
2832840
3620472
3591192
3128568
4102128
4069920
2553216
3743448
3450648
3462360
3582408
3718560
3614616
3362808
3068544
3572160
3481392
3403800
3796152
3197376
3558984
1799256
3171024
2557608
2803560
3138816
3479928
3534096
3695136
2742072
2800632
2687904
1730448
2998272
3654144
3611688
4585248
3718560
3563376
2996808
3539952
4074312
3453576
3134424
4329048
2346792
4656984
1370304
2559072
2121336
3803472
3282288
3771264
3285216
3715632
3765408
3428688
3714168
2191608
3005592
3715632
4027464
3696600
3624864
3359880
3447720
3034872
3654144
2749392
2065704
2594208
2504904
2785992
2264808
2807952
3109536
2777208
1745088
2431704
2540040
2168184
2863584
1885632
2152080
3835680
4188504
3137352
2892864
2970456
3519456
3578016
3572160
3589728
3599976
3727344
3705384
3387696
3553128
1786080
1753872
2813808
4588176
3601440
3436008
3509208
3185664
2835768
2745000
2406816
3049512
3077328
2863584
3386232
1857816
2217960
3039264
2752320
1849032
2424384
2745000
2400960
2324832
2749392
2680584
2930928
3356952
3332064
3223728
3053904
3023160
3375984
3255936
3343776
3342312
3424296
3324744
3007056
3090504
3308640
3613152
3604368
3703920
3624864
3522384
3740520
3424296
3428688
3616080
3548736
3501888
2957280
2813808
2465376
2541504
1642608
2736216
3548736
3554592
3209088
3466752
3365736
3648288
2968992
3438936
3475536
3317424
2251632
3481392
3563376
3242760
2380464
2869440
2793312
3340848
3648288
3763944
3488712
3415512
2317512
3696600
3031944
1690920
2330688
901824
696864
1229760
2071560
3766872
1714344
1942728
2604456
2395104
2709864
2806488
2911896
2384856
1635288
1516704
645624
1160952
1966152
2455128
1671888
1307352
1709952
2108160
1707024
1753872
1581120
1641144
1743624
1759728
1673352
1538664
2074488
1610400
1642608
1750944
1543056
1866600
1750944
1682136
1750944
1892952
1603080
1731912
1885632
2191608
2156472
2263344
2053992
1589904
2169648
2343864
2605920
3125640
2967528
3349632
4055280
3181272
2876760
2723040
2280912
2692296
2450736
2576640
2894328
2942640
2805024
2780136
2171112
2772816
1654320
1459608
2525400
3384768
2263344
2257488
2727432
1627968
2935320
2480016
2747928
2875296
2737680
2624952
3236904
3534096
3402336
2660088
2728896
2661552
2614704
2863584
3806400
3556056
3475536
3556056
2856264
2099376
1727520
1169736
1731912
775920
180072
505080
604632
762744
1067256
1267824
816912
1118496
1057008
1159488
961848
1062864
1670424
1364448
1873920
1439112
1526952
1039440
1456680
1535736
1920768
1685064
1723128
1676280
1436184
1440576
379176
450912
1076040
1835856
2302872
1667496
1512312
1853424
1794864
2314584
2037888
1961760
3115392
2930928
2869440
3854712
3594120
3307176
3197376
3446256
3334992
3431616
3396480
3604368
3665856
3235440
3692208
3743448
3564840
3563376
4043568
4894152
4529616
2758176
1507920
2850408
4692120
4081632
3610224
2900184
1723128
3070008
3752232
3004128
3182736
4204608
3894240
3027552
3279360
3621936
3661464
2299944
3819576
2851872
3579480
3624864
2876760
3487248
3172488
1851960
2201856
2358504
2185752
1443504
1734840
2089128
2162328
1850496
1733376
1911984
1733376
1128744
1805112
1873920
1267824
1803648
1808040
1759728
1840248
1796328
1879776
1768512
1622112
1581120
1484496
1641144
1278072
1333704
1772904
1557696
1742160
1666032
1608936
1632360
1212192
1332240
1367376
1802184
1777296
1914912
1614792
1786080
2074488
1897344
2160864
2383392
2496120
2824056
2671800
2796240
2419992
3867888
4182648
3640968
3607296
3563376
2736216
3280824
2824056
3579480
3116856
2920680
3771264
2936784
3157848
2430240
1591368
1772904
1477176
1642608
1717272
2298480
2368752
2417064
2086200
1865136
2061312
2272128
2895792
2153544
2819664
2458056
2910432
3447720
3400872
2165256
3182736
3535560
2869440
2856264
2784528
2932392
2894328
2654232
2144760
1866600
2500512
3050976
2728896
2560536
2140368
2096448
2518080
2626416
2198928
3416976
3336456
3131496
2272128
3698064
3187128
2840160
3377448
2725968
2263344
2993880
3045120
2234064
2980704
2581032
3436008
2083272
2253096
3113928
2954352
2462448
2299944
2797704
2481480
1772904
2472696
2052528
2046672
2829912
2862120
2882616
2743536
2803560
3414048
3219336
4356864
4706760
4103592
4911720
7355136
7238016
7601088
7606944
7501536
7098936
7270224
7267296
7236552
7500072
7406376
7444440
7060872
7195560
6908616
5576376
5528064
7220448
6980352
5987760
6715368
5301144
5030304
5346528
5787192
5932128
7107720
7425408
7527888
7728456
7119432
7240944
5361168
4778496
5260152
5624688
5879424
5500248
6620208
5681784
5248440
5159136
5334816
4463736
3537024
3178344
3532632
3872280
4686264
2601528
3270576
3276432
3191520
1999824
3812256
3993792
2714256
3295464
3238368
2903112
2141832
3531168
3673176
3029016
3050976
2696688
2676192
3223728
3099288
2926536
3168096
2455128
3272040
1790472
2144760
2099376
1887096
2714256
3018768
2979240
2654232
3440400
3285216
3472608
2176968
3648288
2244312
1983720
2696688
2747928
3026088
3623400
2099376
2866512
3677568
3396480
2809416
2204784
3257400
3646824
2327760
3428688
2115480
3127104
2272128
3878136
2342400
3632184
3274968
3598512
2664480
2403888
2149152
2411208
2162328
2299944
3248616
2544432
2494656
2548824
2285304
1917840
2794776
2854800
2723040
3105144
3269112
3513600
3127104
1098000
2215032
2070096
3424296
2747928
3225192
3734664
3441864
3450648
1863672
2673264
2482944
2200392
2102304
1620648
2982168
1734840
1207800
1667496
1808040
1668960
1670424
1790472
999912
1702632
1169736
999912
1033584
957456
1270752
897432
1049688
1073112
1784616
966240
1622112
1620648
1633824
1755336
1948584
2553216
2398032
2017392
1683600
901824
1171200
1261968
1159488
868152
1119960
1074576
901824
1140456
1035048
1004304
1171200
1140456
1119960
1102392
1177056
698328
872544
939888
806664
134688
111264
241560
540216
465552
531432
581208
698328
453840
453840
392352
390888
446520
339648
310368
251808
573888
430416
395280
207888
140544
62952
171288
162504
243024
215208
200568
144936
185928
423096
131760
319152
35136
169824
481656
554856
569496
535824
780312
755424
655872
734928
835944
792024
767136
739320
671976
884256
698328
787632
685152
562176
620736
777384
797880
825696
871080
874008
806664
783240
619272
297192
475800
156648
373320
398208
474336
494832
589992
775920
761280
830088
835944
989664
1054080
752496
780312
868152
756888
767136
607560
405528
345504
357216
395280
171288
262056
174216
194712
275232
270840
238632
223992
232776
222528
165432
213744
191784
196176
171288
210816
202032
237168
254736
295728
395280
364536
371856
303048
272304
440664
483120
496296
452376
385032
474336
436272
496296
519720
566568
550464
525576
474336
579744
516792
449448
294264
452376
418704
481656
598776
531432
446520
585600
475800
588528
616344
549000
547536
557784
528504
502152
496296
587064
455304
578280
529968
541680
578280
566568
497760
529968
579744
557784
546072
554856
541680
521184
551928
569496
515328
579744
527040
506544
557784
546072
541680
421632
528504
513864
519720
541680
546072
538752
494832
480192
472872
297192
496296
569496
436272
477264
374784
436272
563640
534360
455304
619272
693936
737856
764208
793488
704184
830088
919392
781776
800808
625128
366000
607560
500688
581208
547536
745176
794952
632448
535824
452376
406992
406992
544608
510936
584136
524112
386496
475800
478728
330864
259128
513864
490440
603168
486048
852048
751032
426024
712968
515328
729072
352824
576816
755424
430416
461160
543144
191784
207888
209352
243024
516792
568032
529968
417240
401136
549000
570960
538752
540216
532896
550464
446520
446520
513864
762744
768600
901824
745176
1035048
1071648
1345416
1705560
1791936
1496208
1789008
1862208
1687992
1481568
1586976
1584048
1329312
998448
991128
970632
428952
77592
253272
143472
131760
112728
210816
80520
65880
159576
70272
163968
19032
77592
121512
38064
67344
71736
122976
84912
147864
27816
99552
80520
169824
112728
32208
79056
128832
117120
74664
124440
188856
168360
215208
279624
462624
345504
338184
399672
547536
572424
579744
550464
518256
553392
557784
325008
279624
427488
200568
84912
128832
423096
197640
166896
155184
332328
522648
496296
762744
704184
1018944
661728
648552
942816
487512
821304
1155096
1011624
953064
1152168
1231224
1165344
893040
1341024
1302960
1483032
1485960
1418616
1541592
1589904
1507920
1844640
2067168
2452200
2597136
3681960
2933856
2967528
2988024
2386320
3453576
2673264
2785992
2273592
2709864
2013000
3089040
2261880
3638040
2333616
4664304
3630720
3310104
3516528
3184200
3124176
3595584
3474072
3462360
3512136
3785904
3478464
3661464
3308640
3690744
3443328
3364272
3238368
3408192
3437472
3337920
3582408
3285216
3683424
3392088
3314496
3106608
3400872
3496032
3645360
3441864
3261792
3216408
3368664
3086112
3020232
2576640
3364272
2510760
2724504
4068456
2231136
3668784
3253008
3143208
3585336
2825520
3614616
4144584
3254472
3031944
3995256
3761016
3282288
3595584
2961672
3504816
4372968
2885544
3624864
3479928
4147512
3389160
3487248
3740520
3235440
3272040
3165168
4166544
4652592
3422832
3548736
3151992
3806400
3768336
3655608
3330600
3487248
3329136
3469680
4187040
4146048
4680408
4129944
4099200
4847304
5692032
6211752
6327408
5574912
5858928
6737328
7344888
7974408
7390272
7454688
7428336
7303896
7339032
7340496
9204168
7716744
6895440
7431264
7551312
7384416
7217520
7085760
6181008
5311392
5661288
4419816
4462272
4274880
3220800
3853248
3799080
3635112
3471144
3958656
3441864
3522384
3772728
3184200
3579480
3118320
3617544
4222176
3698064
3355488
3523848
3166632
3323280
3721488
3027552
3490176
3657072
3078792
3179808
3645360
2979240
3387696
3616080
2155008
3695136
2275056
2045208
2304336
2075952
3431616
3002664
3575088
3182736
3282288
3393552
3226656
3023160
3462360
3601440
3147600
2963136
2889936
3311568
3497496
3296928
3415512
2357040
3687816
2701080
3026088
2622024
2223816
2194536
2102304
3598512
2605920
3253008
2332152
3030480
2052528
2441952
2238456
2522472
2671800
3169560
2051064
2048136
2339472
2563464
2191608
2059848
3431616
2980704
3043656
3548736
2851872
2824056
2809416
1767048
3414048
2907504
3698064
3159312
2851872
3058296
2951424
3068544
3045120
3447720
3330600
3573624
2355576
2570784
1872456
1973472
2437560
1985184
2853336
1972008
2308728
2283840
2324832
2585424
1484496
1892952
1786080
1693848
1775832
942816
1755336
1755336
1739232
1610400
1232688
1769976
1704096
1554768
1461072
1449360
1721664
1405440
1491816
1768512
1509384
1789008
1431792
1960296
1698240
1787544
1614792
689544
380640
540216
729072
853512
821304
231312
203496
142008
112728
130296
114192
98088
67344
87840
32208
92232
87840
64416
49776
64416
61488
112728
35136
212280
96624
206424
177144
342576
377712
122976
305976
484584
537288
175680
718824
739320
758352
939888
1158024
985272
1095072
1083360
1042368
958920
977952
1114104
1137528
838872
338184
247416
272304
87840
308904
329400
556320
286944
487512
442128
421632
273768
216672
412848
251808
361608
303048
462624
591456
560712
537288
373320
396744
442128
525576
534360
549000
578280
559248
531432
721752
483120
522648
563640
591456
636840
531432
775920
1125816
1058472
1172664
1052616
1023336
1201944
874008
707112
1017480
1042368
1048224
1257576
1831464
1231224
1556232
1553304
1806576
2059848
1928088
1481568
2049600
1818288
1550376
1822680
2797704
2122800
2652768
2266272
2936784
2471232
2217960
1787544
1632360
1726056
1837320
1790472
1260504
704184
1364448
1958832
800808
1061400
619272
648552
183000
370392
262056
386496
551928
472872
272304
442128
339648
284016
112728
83448
178608
184464
221064
264984
207888
117120
244488
216672
200568
87840
127368
96624
193248
139080
478728
80520
171288
292800
284016
736392
721752
581208
623664
673440
382104
764208
885720
638304
745176
789096
734928
629520
642696
1033584
240096
364536
525576
405528
462624
393816
159576
469944
99552
458232
83448
396744
248880
464088
452376
541680
442128
549000
601704
546072
528504
503616
247416
380640
515328
468480
510936
509472
549000
453840
529968
718824
484584
589992
815448
740784
919392
885720
764208
639768
818376
844728
838872
1021872
1304424
1043832
1026264
1068720
1119960
1081896
1153632
1089216
1071648
1253184
1257576
1743624
1910520
2529792
2573712
2379000
2232600
2273592
2453664
2452200
2475624
2611776
3355488
3427224
3075864
3255936
2398032
2906040
3263256
3516528
3658536
3471144
3497496
2961672
2701080
3460896
3556056
3674640
3942552
2979240
3630720
3782976
3364272
3171024
3452112
3862032
2872368
3441864
3696600
2684976
3619008
3588264
2971920
3176880
3274968
3695136
3356952
3374520
2977776
3405264
3024624
3780048
3131496
3099288
3039264
3002664
2674728
3724416
3635112
3122712
3034872
3676104
3519456
3431616
3532632
3283752
3219336
3371592
4168008
3324744
3611688
3075864
2802096
3147600
3396480
3512136
3768336
2979240
2917752
2623488
4267560
3383304
2783064
2359968
3216408
3585336
3477000
3771264
3686352
3684888
3523848
3321816
3676104
3605832
3599976
4147512
3660000
3255936
3845928
3848856
3840072
3368664
3274968
4239744
4567680
4875120
4531080
4793136
4201680
4810704
3681960
4775568
5620296
5629080
6607032
7173600
7079904
6768072
3987936
5861856
6646560
5233800
6260064
6852984
6810528
7065264
6847128
7016952
6847128
6753432
6892512
7006704
7016952
6813456
7050624
6460632
6422568
6506016
6526512
6535296
6388896
6612888
6078528
6776856
6987672
7129680
6936432
7027200
6939360
6932040
6951072
6838344
6920328
6886656
6905688
6683160
7081368
7091616
6880800