0
734003
734003
734003
734003
734003
734003
734003
734003
734003
734003
734003
734003
734003
734003
734003
734003
734003
734003
734003
734003
611669
611669
489702
354027
290881
290860
290860
378118
428439
439921
439921
574338
577288
492138
457693
312260
312260
367282
367282
428212
443773
428212
428212
428212
394729
389372
389372
314133
331828
308392
308392
308392
266957
213402
259993
266957
312982
312982
312982
280451
263356
251875
257615
239028
268637
280338
301290
301290
346062
349130
349130
391677
391677
354178
342880
342880
342880
244194
244735
252470
277969
290556
306673
306673
290556
290556
290556
309692
286923
286923
296491
286923
296491
332814
286923
269674
269674
269674
332814
269674
269674
256607
245328
248123
251756
251756
248123
251756
252652
252652
244249
244249
244806
259558
260115
304852
308721
244383
244383
308721
317697
317697
281058
279054
251397
244700
244700
251397
256661
278188
256661
256661
262856
257514
248742
244907
195075
181105
181105
181105
184707
235436
235436
244257
257428
257428
252486
250458
249774
250458
252371
309084
324706
328082
331006
210243
200675
244611
258672
260877
244420
250770
247941
263001
263001
315110
315110
326001
326001
315110
340753
342667
259847
337801
337801
337801
337801
301947
308911
301947
308911
308911
401584
401584
401584
468191
447131
447131
520468
520468
520468
530036
398179
382870
382870
480508
481140
480508
480508
480508
480508
385460
362497
362497
279886
342954
363851
363851
363851
363851
411691
411691
411691
259639
253899
259639
259639
282036
282036
318901
295843
295843
284446
288915
300397
331194
331194
331194
278609
252587
262684
262684
262684
251202
327511
327511
322429
327511
327511
327511
320516
242533
226749
227267
227267
227267
227267
279597
279597
294773
279597
244832
244832
235264
246521
262787
262787
262787
242019
262787
211290
253389
262429
262429
262429
274677
283479
286276
316280
296348
316280
316280
316280
296348
296348
296348
246786
276177
276177
276177
280572
276177
286286
286286
286286
292026
291800
291800
291800
298968
298968
298968
298968
298968
256620
256620
262802
262802
262802
280025
262802
256870
296706
316254
296706
296706
290037
279896
278812
278812
269886
269886
278812
276611
348687
348687
349568
348687
297523
297523
243942
235142
243833
212520
243833
261259
261259
263402
261259
276276
276276
276276
295256
297720
315146
315146
297720
199193
197280
201555
222019
234087
227389
234087
247765
268240
288624
288624
243172
241259
233838
244667
264569
264569
302797
276006
302797
259684
228514
309069
281232
309069
309069
262096
262096
263062
258269
234819
234819
234819
347089
347089
371035
371035
437200
437200
357961
455941
455941
455941
455941
455941
455941
521920
576954
521920
521920
527321
343616
343616
329971
352418
381215
389636
498754
648380
732022
732022
732022
626780
626780
626780
626780
622953
544996
426277
426277
426277
420537
426277
359502
397244
441786
441786
359502
263109
263109
342041
327059
440102
478098
500588
621527
650764
455618
455618
483611
597225
628694
749060
820690
1034342
1037615
790128
813091
812077
810163
799277
912563
790292
912563
795735
967959
1027280
910644
1034455
917917
893040
816504
686389
786279
783230
742599
608647
785500
820030
954093
788711
789760
789401
789401
905996
953472
905996
883129
564419
564419
499357
499357
649164
499357
464912
393987
373605
372784
372840
393987
365976
372784
366693
366693
359039
366693
359039
334712
334712
334712
334712
366236
345407
280919
263773
268274
268274
268274
268274
268274
244637
256903
244034
253267
316416
316416
317244
321401
329247
329247
411340
411340
412417
412417
417821
366345
428021
366345
476248
476248
469861
476248
469861
471126
476248
469861
469861
386928
420721
420721
367058
367058
367058
367058
354705
337482
337482
337482
354705
274157
274157
306650
306650
306650
245415
245415
306650
306650
268520
319039
268520
268520
319039
290366
290366
290366
337594
290366
290366
341117
341117
232969
285981
212946
212946
230142
195850
195850
218657
244068
244068
191006
209441
209441
209441
209441
207210
207210
244496
187471
226239
244496
243214
243214
243782
243782
243782
243782
209755
243977
244453
244453
244453
243158
243158
243158
243388
243388
243388
243687
243687
243687
244842
247903
232716
243050
243050
243050
243050
243248
226283
252068
243505
252068
243347
243126
243126
243347
243347
251288
316063
281713
316351
281713
268633
268633
268633
257370
257370
257370
244641
257370
274020
254209
263495
234791
263495
263495
272699
277481
285135
277481
272699
245433
257773
245165
245165
245165
245433
257479
257479
268464
263919
263919
262891
256982
228828
256982
257290
257290
263273
263273
279175
342254
343509
343509
362927
362927
378368
337486
438731
243720
244637
244637
262533
248301
251353
251353
243699
290260
290260
274003
274003
272005
353606
353606
353606
353606
256395
256395
249115
249115
249115
245143
243478
250845
259304
259304
285888
326098
326098
299543
359765
359765
335656
359765
335656
308865
244800
244800
247436
244566
244566
247436
283394
289231
299456
299456
299456
308921
389292
389292
389292
405155
478935
410205
354711
384005
397975
384005
319328
262858
273744
273744
273744
320174
320174
407507
407507
416226
416226
418485
488322
473014
326729
298025
275061
348203
357579
357579
363431
367212
372953
372953
417862
472417
367169
367169
477319
543220
620514
806668
838884
859222
923715
841072
791319
953318
653751
462391
388501
388501
407673
409160
334530
408098
418145
480145
480740
624962
778005
790121
911823
1027157
911898
789427
892686
892686
900879
831352
789890
790145
790145
789902
844669
911493
966790
967873
611438
611438
781327
790129
789881
795299
788947
733453
779351
788919
792392
792392
813872
965989
1033731
1030502
912576
912576
1061199
914553
914553
1033917
967112
933273
933273
1056532
789843
789843
789843
789843
582667
524750
524750
418759
418759
280309
269594
269594
280309
350472
364401
379756
379756
379756
379756
379756
401004
295500
284642
295500
295500
289855
270527
267420
257706
257706
292151
282202
256560
275009
244392
220116
244609
244609
286150
316369
316369
317991
306031
306031
306031
284937
267083
274738
284937
299614
347207
347207
357159
307849
307849
307849
355231
289214
250829
250829
250829
251447
244596
244596
244596
229287
298073
317974
224838
292289
224838
224838
224838
232628
243094
243094
243094
243094
243094
268182
268182
262524
268182
262524
268182
262524
251725
251725
262524
285786
287700
287700
342711
343392
343392
343392
343392
274185
285667
279514
285667
302477
301367
279514
301367
267393
292116
300145
342605
344519
347985
344519
344519
302441
243337
243912
243912
244368
244368
248788
254529
248788
243053
231770
240065
243194
240065
243194
220472
213896
213896
213562
213562
297770
314180
314180
314076
314076
248914
248914
292970
248914
239254
233513
239254
239254
228745
270578
263689
224918
223503
223503
256761
239366
290553
256761
256761
249590
261255
293787
282305
244526
244526
244526
244526
243253
243253
316228
257244
243848
257244
244853
244853
244853
263614
274296
276595
276595
252411
243682
240930
239016
257140
257140
263071
257140
263071
263534
303113
341992
342994
343951
343951
343951
257719
190743
203953
203953
215004
237967
274565
274565
307443
309357
296839
286185
262471
262471
286185
286185
310594
341212
372040
378895
384144
443575
443575
384144
384144
384144
377633
331706
286977
258273
335730
335730
335730
304071
277280
277280
298669
321293
331054
346877
346877
254605
254605
256317
258269
273539
273539
243896
244611
244611
252002
310380
268281
268281
268281
289443
324608
324608
324608
286124
244025
244025
250256
286124
317232
317232
317232
340646
341343
341343
298312
337591
298312
330367
330367
330367
330367
263950
266821
348481
446075
460146
475415
475415
475415
475415
475415
598189
522342
522342
501101
494566
494566
501101
642935
506676
506676
506676
458836
458836
425985
425985
519335
371910
371910
373824
373824
391630
445970
542205
600601
457449
359855
263543
265544
296679
342605
342605
385682
385682
385682
446963
487285
487285
574148
633470
789066
843993
843993
974720
974720
1022195
911688
852228
803634
803634
612274
717498
788461
890074
789685
789685
777069
777069
734631
642778
835611
686198
767673
777298
777298
817213
786916
928796
547242
507057
547242
411420
411420
386543
403092
423857
435994
435994
435994
435994
435994
362037
362037
440447
440447
440447
440447
498074
614965
702256
723305
723305
702256
504760
307912
307912
389012
389012
400285
387527
387527
484649
488285
537176
605166
537176
489746
489746
416605
416605
313868
341042
346793
400374
442028
450830
463078
463078
463078
473215
274775
309942
342280
370584
370584
370584
370584
370584
370584
378238
424565
370584
341438
355461
354937
341438
243530
289798
289798
348342
349373
349373
349373
354677
348342
354677
283115
283115
178603
227782
227782
232183
294183
294183
292141
328116
261981
311190
340575
311190
278249
241891
282076
314458
220282
220282
213608
193492
193492
188875
196809
241971
235969
232129
218734
224474
241313
291816
291816
266458
266458
272883
299089
337945
354747
388815
388815
389574
369808
352586
458361
478836
488707
488707
502102
463658
415404
319542
340774
343499
368091
368091
443006
478518
478518
482141
371391
299557
278435
346656
348570
450652
465705
472945
491489
375784
382513
344178
375616
344178
237729
237729
276582
309047
276582
246759
246759
230847
189112
230847
238865
245845
248795
311637
319598
319598
356155
361896
470464
470464
502645
536972
456950
456950
456950
372057
441329
441329
279033
321132
267551
276056
291896
335377
302901
232117
301752
301752
330622
345610
345610
345610
261760
292377
292377
223174
226977
226977
321467
336820
370890
384285
464861
485676
485676
351227
342425
342425
342425
311161
342119
302543
302543
302543
267008
267008
182540
182540
223620
237302
233862
238119
244699
260700
260700
275761
275761
275761
286345
286345
305272
280395
305272
299260
339284
303290
303290
303290
361936
361936
235457
217921
191444
230155
233983
300576
335254
340995
340995
334218
395453
485882
485882
292029
357091
389240
454344
454344
454344
512948
512948
454781
352015
457619
457619
416694
451384
479817
498773
506155
506155
502971
474295
351513
321506
351513
321506
315360
306969
308882
334326
336484
346598
314711
314711
334493
351543
409124
400531
392479
371429
368616
368616
356560
328026
263777
308465
307556
353607
369749
341916
325847
325847
327155
368850
433521
466099
313147
313147
374598
374598
407091
454970
486977
367569
378561
380246
492129
513470
541193
513470
566070
493054
491709
436969
431810
330955
299189
386228
386228
341354
312733
358659
400758
406552
378797
398392
382978
382978
455695
449265
527723
527723
449265
515154
508748
508748
508748
491062
457927
486631
545551
546508
562238
458534
468171
468171
479653
485394
451707
353540
323736
342681
445485
468122
520533
366689
445338
413034
476695
406715
346937
361078
361078
263876
274214
289458
331601
343038
342410
342410
321150
321150
291197
279431
353679
365076
430521
430521
470120
492122
463641
343252
341237
335496
332915
332915
325627
325627
325627
423315
416357
312326
349482
318461
349482
331856
413999
413999
431412
454326
513321
355360
355360
372028
461968
525928
344136
279936
363916
363916
369756
369756
369756
356298
356298
356298
354112
329235
326393
344169
344169
288481
288590
375586
386841
478311
497916
499066
499066
594815
584142
445459
474258
474258
573670
573670
571633
379538
303569
162076
174340
273907
327189
411366
387428
480997
503656
625296
303867
263681
300952
251199
200751
206596
260976
263846
319534
366492
425345
425345
298439
298439
355630
349858
357221
182897
173898
226067
349472
370115
377769
377769
377769
377769
377769
377769
377769
377769
384339
483254
483254
402425
490451
523152
523152
502132
622154
622154
611699
622154
668336
727230
702353
727230
754501
