1367352
3190488
5599632
2734704
3255600
5013624
5013624
4557840
325560
1627800
2474256
3320712
3190488
3646272
2409144
3320712
4036944
7227432
6966984
6641424
7162320
7032096
3320712
3255600
6966984
4883400
5404296
5404296
6315864
2930040
3320712
7357656
8073888
6446088
2930040
3385824
3190488
7422768
7357656
6380976
4427616
3190488
4818288
6250752
2864928
2930040
2083584
1627800
651120
586008
520896
1172016
1041792
1367352
1888248
2995152
2669592
2604480
1562688
2344032
1367352
1888248
3060264
3385824
3385824
2995152
2995152
1823136
2409144
2734704
2799816
2018472
2409144
1562688
976680
2083584
3190488
3385824
2083584
2278920
2409144
2474256
2734704
2864928
2864928
3320712
2995152
1888248
2148696
1823136
2278920
2278920
2148696
2083584
2213808
1692912
1692912
2539368
2604480
2018472
2278920
2213808
2148696
2344032
3190488
3320712
3125376
3255600
3646272
3320712
3320712
3385824
3450936
2799816
3320712
3581160
2930040
1692912
2409144
2930040
3385824
3255600
3450936
2995152
2604480
2799816
2474256
2604480
3255600
3190488
3060264
3320712
3255600
3385824
3060264
3516048
3450936
3255600
3125376
5208960
2083584
3320712
3255600
4622952
3190488
3516048
3320712
3646272
2864928
3190488
3255600
3906720
2995152
3190488
3711384
3385824
3255600
3646272
3385824
3450936
3255600
3581160
3255600
3385824
3190488
2604480
3125376
3385824
2799816
3385824
3385824
3385824
3060264
3450936
3906720
3320712
5534520
6446088
5404296
4753176
5664744
4167168
3320712
4753176
7878552
6120528
7032096
4102056
3320712
3320712
7813440
6446088
5664744
4036944
3320712
7487880
5404296
6250752
4036944
3646272
3385824
3190488
5013624
8008776
6250752
4688064
3320712
4102056
5274072
4036944
3385824
4297392
3190488
3190488
3385824
2864928
3320712
2864928
3385824
3581160
3125376
3385824
3255600
2799816
3255600
2734704
3060264
3190488
3450936
3776496
2604480
3320712
3190488
3125376
2995152
3255600
3711384
3060264
3125376
3581160
3320712
3581160
3255600
3581160
2799816
1627800
976680
1562688
2539368
3320712
3255600
3255600
2930040
2148696
2539368
2409144
3060264
3385824
3190488
2864928
2344032
2474256
2018472
2474256
2930040
3320712
3190488
3320712
2864928
2474256
2083584
1888248
2604480
1041792
1953360
2604480
2148696
1172016
2213808
1562688
2083584
2474256
2604480
3320712
2669592
2669592
2344032
1823136
2148696
2344032
2018472
2344032
1953360
2474256
2213808
2474256
2604480
2148696
2083584
2344032
2474256
2344032
2148696
2213808
2278920
2018472
2539368
2344032
2734704
3255600
2604480
2539368
2799816
3125376
3060264
3320712
2930040
2669592
2409144
3255600
3385824
3711384
3255600
2409144
2669592
1432464
1692912
1953360
2995152
3385824
3646272
3385824
3320712
3320712
3255600
3450936
3320712
3190488
4232280
3450936
3450936
3320712
3320712
2995152
3385824
3255600
3646272
3320712
3125376
3971832
3255600
3125376
3255600
3190488
4232280
2995152
3255600
3255600
3516048
3060264
3060264
3320712
3906720
3385824
2995152
2083584
1106904
2604480
3385824
3190488
5469408
2018472
3450936
3711384
3320712
5013624
6966984
3320712
3385824
7227432
2278920
3320712
3385824
7162320
3971832
3385824
4362504
6901872
5534520
6250752
6446088
7032096
8139000
8399448
8204112
8334336
4818288
2734704
3385824
5599632
6185640
5404296
5013624
2864928
3320712
6836760
5078736
5469408
5339184
6641424
4427616
3320712
3125376
6446088
7032096
5078736
5469408
6576312
7097208
8269224
8204112
8139000
8464560
7097208
6250752
6706536
8269224
8139000
7943664
8985456
8725008
9115680
8920344
8855232
8725008
8790120
8594784
8790120
9115680
8139000
8725008
8594784
9050568
8855232
8725008
8790120
8985456
8790120
8920344
8464560
8659896
8594784
8790120
9180792
8790120
8529672
8594784
8334336
9245904
9050568
8269224
8985456
8269224
8334336
7813440
6446088
6380976
3320712
3385824
5013624
6055416
4883400
4883400
2930040
1562688
1758024
3190488
3320712
3320712
3255600
2995152
2539368
3190488
3255600
2864928
2148696
2474256
3320712
3060264
3385824
2799816
2799816
2799816
3255600
3125376
3060264
3516048
3255600
3646272
2930040
3060264
2604480
2604480
2539368
3190488
3190488
2669592
1758024
2344032
2799816
1237128
2278920
3060264
3190488
2799816
3060264
2864928
2474256
2344032
2864928
2148696
2539368
2669592
2930040
2604480
1692912
2409144
2083584
2018472
1692912
1692912
1172016
1888248
1497576
1627800
1627800
1758024
1758024
1692912
1627800
2148696
2083584
3060264
1758024
2148696
3060264
3125376
1692912
2344032
1302240
1627800
1758024
2734704
2995152
1953360
2278920
3385824
3385824
3450936
3385824
3255600
3385824
3255600
3450936
3190488
3255600
3646272
3320712
3646272
3255600
2995152
3385824
3190488
3320712
3516048
3255600
3190488
3190488
3190488
3516048
3190488
3516048
3190488
3516048
3190488
3320712
3190488
3450936
3255600
3450936
3125376
3320712
3385824
3320712
3125376
3581160
3385824
3516048
3190488
3320712
3255600
3125376
3190488
3320712
3320712
3190488
3385824
3190488
3190488
3255600
3581160
3125376
2995152
3125376
2930040
2995152
2474256
2018472
2344032
2799816
2474256
2669592
2148696
2474256
2474256
2864928
2799816
2799816
2930040
2734704
2474256
2539368
2474256
2474256
2148696
1953360
2278920
2604480
2669592
2278920
2344032
2409144
2409144
2083584
2344032
2148696
2409144
2083584
2669592
2604480
2734704
2604480
2409144
2539368
2734704
3060264
2669592
976680
2083584
2278920
2278920
2278920
1758024
2344032
3060264
3385824
3385824
3320712
3776496
2734704
3385824
3060264
2148696
3385824
3060264
2409144
2604480
3060264
3255600
3060264
3841608
3385824
3060264
5274072
3581160
3320712
3450936
3320712
3320712
2995152
3125376
3125376
4036944
3060264
3060264
3385824
3516048
3255600
3060264
2604480
3320712
3255600
2930040
4036944
3190488
2799816
3190488
3320712
3190488
4297392
4818288
2930040
3385824
3581160
6380976
4427616
3060264
3320712
7292544
6315864
6120528
7097208
6315864
5599632
2669592
3320712
5534520
8073888
5078736
3320712
3450936
7097208
5925192
5339184
4427616
3320712
5469408
8464560
6380976
6706536
6185640
5469408
5469408
3450936
3711384
6836760
4557840
4948512
3516048
3581160
7422768
6901872
7748328
6120528
6771648
8269224
8399448
8790120
8790120
8790120
9180792
8790120
8920344
8725008
8725008
6185640
6836760
6901872
6771648
6836760
6771648
6901872
6901872
7618104
8139000
8594784
8985456
8920344
9180792
9441240
9115680
8725008
9050568
9050568
9245904
8855232
8204112
8855232
8659896
9115680
8790120
8725008
8659896
9050568
8659896
7487880
8920344
8529672
9115680
9311016
8790120
9245904
9115680
9115680
8334336
8594784
8920344
8920344
8139000
8073888
9050568
8985456
9245904
9115680
9050568
8725008
8594784
9050568
9180792
8464560
9311016
5664744
2799816
3190488
3906720
7162320
2930040
3190488
8269224
5794968
3320712
3320712
5208960
2995152
3320712
3255600
6055416
2018472
2083584
2539368
3385824
3320712
3125376
3385824
4102056
3385824
3320712
3516048
3385824
3776496
2799816
3320712
3125376
3450936
3320712
3646272
2669592
3125376
3125376
2474256
3320712
2474256
2669592
3320712
3450936
3385824
3320712
3255600
2474256
3255600
2864928
3776496
2930040
3255600
4102056
2930040
3125376
3255600
3711384
2734704
3320712
3060264
3255600
3385824
2799816
3255600
3581160
2604480
3385824
2539368
2148696
2344032
2278920
3190488
3320712
3841608
2148696
2864928
2148696
2734704
1888248
2669592
1953360
2344032
2799816
2604480
2018472
2734704
2474256
2213808
2409144
2474256
2409144
2148696
2344032
2344032
2148696
1692912
2213808
2604480
2213808
2148696
2409144
2344032
1953360
2278920
2278920
2148696
976680
2213808
3060264
3385824
3190488
3450936
3255600
3581160
3190488
3320712
2864928
2864928
2799816
3385824
2930040
3450936
2344032
2474256
2409144
2669592
2930040
2930040
2995152
2409144
2734704
3125376
2995152
2995152
3125376
2995152
3125376
2995152
2864928
2604480
2539368
2604480
2539368
2734704
3060264
3190488
2669592
2539368
2539368
2734704
3125376
3125376
3125376
3450936
2799816
3190488
3060264
3190488
3385824
3190488
3060264
3385824
3255600
3190488
3190488
3060264
3320712
3060264
2409144
2278920
2539368
2278920
2474256
2018472
1953360
2083584
2409144
2148696
2148696
2148696
2213808
2474256
2474256
1823136
2409144
2278920
2539368
1953360
1888248
2995152
2344032
2669592
3125376
2930040
2409144
3060264
3385824
3841608
3255600
3255600
5534520
5404296
5404296
4557840
2604480
3385824
5078736
2344032
3320712
3906720
6185640
4883400
5208960
3125376
3646272
7422768
2930040
2864928
3385824
3581160
5274072
3255600
3125376
4036944
3060264
3320712
3841608
3060264
3320712
5078736
3060264
3320712
3255600
3450936
3646272
3190488
3255600
3516048
3450936
3385824
4036944
3385824
3320712
3385824
3646272
3385824
3125376
3711384
3320712
3450936
2734704
3581160
3255600
4492728
4622952
3711384
3320712
5078736
4232280
3320712
4427616
7813440
5469408
5729856
4102056
3385824
5534520
4167168
3385824
3060264
5925192
8529672
7227432
7748328
2930040
4102056
6185640
5534520
5274072
6576312
7227432
8529672
7748328
7878552
3125376
3385824
3190488
8659896
2018472
3385824
6250752
5729856
5860080
6576312
6120528
7032096
6315864
5078736
5404296
5860080
6901872
6966984
6836760
6706536
6576312
6641424
5794968
6250752
6315864
5404296
6706536
5860080
3971832
3385824
3255600
3060264
6055416
8790120
10743480
8725008
7943664
8790120
8790120
8464560
8920344
8334336
8008776
8269224
8464560
8073888
8855232
9115680
8725008
8204112
8594784
8269224
8725008
8529672
8399448
8855232
8399448
8399448
8594784
7748328
8594784
8529672
8725008
6706536
5469408
4948512
3320712
3646272
6576312
4948512
5339184
5664744
5794968
5339184
3255600
3255600
5078736
5469408
5599632
5664744
6706536
6966984
8334336
6576312
5860080
4948512
3711384
3320712
6576312
6055416
5729856
6511200
6250752
6966984
6901872
7227432
8204112
8204112
5534520
7032096
6771648
6120528
6576312
3906720
3190488
3385824
5664744
5664744
4883400
4688064
3450936
3450936
4948512
3385824
4883400
7422768
3450936
3450936
3971832
7162320
1758024
2344032
3385824
4102056
4753176
4036944
3320712
5078736
2669592
3320712
3320712
3646272
3255600
2409144
2799816
3385824
3255600
3581160
3190488
3646272
2474256
3385824
3255600
3906720
3255600
3255600
3841608
3320712
2930040
4036944
3060264
3841608
3125376
3320712
3581160
3190488
3125376
3581160
3516048
3255600
3581160
3320712
3646272
3385824
3581160
3385824
3711384
3320712
3841608
3125376
3450936
3776496
3385824
3906720
3255600
3450936
3255600
3711384
3320712
4102056
3581160
3320712
3776496
3320712
4232280
3385824
5274072
3255600
3320712
3320712
4167168
3255600
4297392
3450936
4753176
4492728
3190488
3320712
3971832
3190488
3320712
3581160
3385824
3385824
3711384
3255600
4297392
5013624
3450936
3320712
5925192
3125376
3320712
3906720
3320712
3320712
3320712
3971832
3320712
3255600
3320712
3776496
3320712
3320712
3385824
3385824
3255600
3516048
3060264
3190488
4297392
3320712
4036944
6380976
4622952
4948512
3516048
3255600
5339184
3646272
3320712
3516048
3060264
3385824
3776496
3320712
3385824
3320712
3581160
3320712
3125376
2930040
2995152
3060264
3320712
4297392
3385824
4232280
2930040
3190488
3385824
4102056
3385824
4102056
3841608
3385824
3971832
6380976
4036944
3320712
5208960
3516048
3255600
3971832
3516048
3190488
3971832
3190488
3646272
3190488
3320712
3125376
3841608
3385824
3450936
3320712
3646272
3320712
3190488
4232280
3190488
3450936
3516048
3320712
4167168
3255600
3320712
3971832
3320712
3906720
3190488
3320712
3971832
3320712
3906720
3320712
3646272
3320712
3906720
3385824
3711384
5469408
5469408
4883400
3646272
3646272
6641424
6185640
5404296
5534520
4102056
3320712
5469408
5860080
4688064
4818288
4688064
3711384
3320712
6836760
5339184
3516048
3385824
5274072
4557840
3711384
3190488
4753176
3385824
3646272
4492728
3255600
4362504
3190488
3385824
4492728
3516048
3190488
4297392
3320712
4492728
3450936
3385824
4688064
4688064
4948512
3255600
4297392
6771648
5013624
5274072
5143848
4883400
5339184
5469408
5208960
5404296
5469408
5143848
3646272
3581160
7683216
5143848
5078736
3255600
4427616
6055416
4753176
3776496
3320712
6641424
4297392
3646272
3255600
7162320
4362504
4753176
5143848
5208960
5274072
4492728
3385824
6250752
6185640
5208960
5208960
3971832
3385824
3971832
7552992
4818288
4948512
4492728
3320712
4557840
6055416
4948512
3450936
3841608
6641424
4688064
5143848
3581160
3320712
7097208
4818288
3776496
3320712
6055416
6380976
5208960
4818288
3320712
5794968
6250752
5078736
5208960
5208960
4883400
5404296
5208960
5143848
4948512
5339184
5143848
5208960
5339184
5469408
5013624
5404296
5339184
5469408
5274072
5208960
5339184
5013624
5208960
5208960
3385824
5208960
5925192
4753176
3125376
3320712
5274072
4102056
3320712
3385824
3776496
3125376
2930040
3190488
3190488
3255600
3450936
3190488
3060264
3255600
4362504
6641424
3776496
3385824
5208960
3320712
3385824
3190488
5664744
7943664
3646272
3060264
3385824
5860080
6576312
4167168
3385824
5664744
5599632
3776496
3581160
5534520
5274072
2864928
3320712
7878552
5925192
2864928
3320712
5339184
8139000
6706536
7552992
8073888
8725008
9180792
8985456
5599632
6315864
8073888
8725008
8659896
5208960
2539368
3385824
4622952
7422768
5208960
5599632
6706536
6641424
7097208
7683216
8269224
8985456
4557840
5599632
3906720
3385824
8073888
5534520
2799816
3711384
7813440
6185640
7487880
6901872
4948512
4167168
3060264
3255600
4818288
7552992
5990304
5860080
7227432
7943664
8464560
8594784
9050568
8920344
8855232
8855232
8855232
8594784
8725008
6250752
7032096
7943664
8529672
5794968
7943664
7943664
7618104
7292544
7618104
6120528
8204112
8073888
6185640
8008776
8594784
7878552
2930040
